<?xml version="1.0" encoding="UTF-8"?>
<!-- Generated by org.testng.reporters.JUnitReportReporter -->
<testsuite skipped="0" hostname="Drivezys-MacBook-Pro-3.local" name="com.flipkarts.productsTesting.ProductsTesting" tests="1" failures="0" timestamp="06 Jul 2020 20:28:32 GMT" time="5.213" errors="0">
  <testcase name="testContentTypes" time="5.213" classname="com.flipkarts.productsTesting.ProductsTesting"/>
</testsuite> <!-- com.flipkarts.productsTesting.ProductsTesting -->
