<?xml version="1.0" encoding="UTF-8"?>
<!-- Generated by org.testng.reporters.JUnitReportReporter -->
<testsuite skipped="0" hostname="Drivezys-MacBook-Pro-3.local" name="com.flipkart.loginTest.TestCaseLoginWithEmail" tests="4" failures="0" timestamp="03 Jul 2020 13:47:11 GMT" time="3.216" errors="0">
  <testcase name="testCaseOfWrongEmailPAssword" time="1.339" classname="com.flipkart.loginTest.TestCaseLoginWithEmail"/>
  <testcase name="testCaseCloseLoginForm" time="0.137" classname="com.flipkart.loginTest.TestCaseLoginWithEmail"/>
  <testcase name="testCaseOpenLoginForm" time="0.143" classname="com.flipkart.loginTest.TestCaseLoginWithEmail"/>
  <testcase name="testCaseOfLoginWithEmail" time="1.597" classname="com.flipkart.loginTest.TestCaseLoginWithEmail"/>
</testsuite> <!-- com.flipkart.loginTest.TestCaseLoginWithEmail -->
