<?xml version="1.0" encoding="UTF-8"?>
<!-- Generated by org.testng.reporters.JUnitReportReporter -->
<testsuite skipped="0" hostname="Drivezys-MacBook-Pro-3.local" name="com.flipkarts.testCaseContentTypes.TestCaseOfCotentsType" tests="1" failures="0" timestamp="06 Jul 2020 17:12:15 GMT" time="1.384" errors="0">
  <testcase name="testContentTypes" time="1.384" classname="com.flipkarts.testCaseContentTypes.TestCaseOfCotentsType"/>
</testsuite> <!-- com.flipkarts.testCaseContentTypes.TestCaseOfCotentsType -->
