<?xml version="1.0" encoding="UTF-8"?>
<!-- Generated by org.testng.reporters.JUnitReportReporter -->
<testsuite skipped="0" hostname="Drivezys-MacBook-Pro-3.local" name="com.flipkart.itemsTypeTestCases.TestingItemType" tests="1" failures="0" timestamp="06 Jul 2020 18:38:37 GMT" time="5.273" errors="0">
  <testcase name="test" time="5.273" classname="com.flipkart.itemsTypeTestCases.TestingItemType"/>
</testsuite> <!-- com.flipkart.itemsTypeTestCases.TestingItemType -->
