<?xml version="1.0" encoding="UTF-8"?>
<!-- Generated by org.testng.reporters.JUnitReportReporter -->
<testsuite skipped="0" hostname="Drivezys-MacBook-Pro-3.local" name="com.flipkart.itemsTypeTestCases.TestingItemType" tests="1" failures="0" timestamp="03 Jul 2020 17:03:57 GMT" time="3.278" errors="0">
  <testcase name="test" time="3.278" classname="com.flipkart.itemsTypeTestCases.TestingItemType"/>
</testsuite> <!-- com.flipkart.itemsTypeTestCases.TestingItemType -->
