<?xml version="1.0" encoding="UTF-8"?>
<!-- Generated by org.testng.reporters.JUnitReportReporter -->
<testsuite skipped="0" hostname="Drivezys-MacBook-Pro-3.local" name="com.flipkart.productTypesTestCase.ProductTypeTestCase" tests="1" failures="0" timestamp="07 Jul 2020 18:08:24 GMT" time="5.688" errors="0">
  <testcase name="testCaseProductType" time="5.688" classname="com.flipkart.productTypesTestCase.ProductTypeTestCase"/>
</testsuite> <!-- com.flipkart.productTypesTestCase.ProductTypeTestCase -->
