<?xml version="1.0" encoding="UTF-8"?>
<!-- Generated by org.testng.reporters.JUnitReportReporter -->
<testsuite skipped="0" hostname="Drivezys-MacBook-Pro-3.local" name="BestBatteryPhonesTestCases.BestBatteryPhoneTest" tests="1" failures="0" timestamp="14 Jul 2020 11:24:46 GMT" time="3.119" errors="0">
  <testcase name="testClickOnProduct" time="3.119" classname="BestBatteryPhonesTestCases.BestBatteryPhoneTest"/>
</testsuite> <!-- BestBatteryPhonesTestCases.BestBatteryPhoneTest -->
