<?xml version="1.0" encoding="UTF-8"?>
<!-- Generated by org.testng.reporters.JUnitReportReporter -->
<testsuite skipped="0" hostname="Drivezys-MacBook-Pro-3.local" name="com.flipkart.mobileTestCase.SamsungMobTestCases" tests="1" failures="0" timestamp="07 Jul 2020 18:42:27 GMT" time="5.931" errors="0">
  <testcase name="testcaseOpenSmasungPage" time="5.931" classname="com.flipkart.mobileTestCase.SamsungMobTestCases"/>
</testsuite> <!-- com.flipkart.mobileTestCase.SamsungMobTestCases -->
