<?xml version="1.0" encoding="UTF-8"?>
<!-- Generated by org.testng.reporters.JUnitReportReporter -->
<testsuite skipped="0" hostname="Drivezys-MacBook-Pro-3.local" name="com.flipkart.base.TestBase" tests="1" failures="0" timestamp="03 Jul 2020 09:14:35 GMT" time="6.190" errors="0">
  <testcase name="initialization" time="6.190" classname="com.flipkart.base.TestBase"/>
</testsuite> <!-- com.flipkart.base.TestBase -->
