<?xml version="1.0" encoding="UTF-8"?>
<!-- Generated by org.testng.reporters.JUnitReportReporter -->
<testsuite skipped="0" hostname="Drivezys-MacBook-Pro-3.local" name="BestBatteryPhonesTestCases.BestBatteryPhoneTest" tests="1" failures="0" timestamp="18 Jul 2020 11:40:15 GMT" time="5.846" errors="0">
  <testcase name="testClickOnProduct" time="5.846" classname="BestBatteryPhonesTestCases.BestBatteryPhoneTest"/>
</testsuite> <!-- BestBatteryPhonesTestCases.BestBatteryPhoneTest -->
