<?xml version="1.0" encoding="UTF-8"?>
<!-- Generated by org.testng.reporters.JUnitReportReporter -->
<testsuite skipped="0" hostname="Drivezys-MacBook-Pro-3.local" name="com.flipkart.loginTest.TestingItemType" tests="1" failures="0" timestamp="03 Jul 2020 16:26:47 GMT" time="2.556" errors="0">
  <testcase name="test" time="2.556" classname="com.flipkart.loginTest.TestingItemType"/>
</testsuite> <!-- com.flipkart.loginTest.TestingItemType -->
