<?xml version="1.0" encoding="UTF-8"?>
<!-- Generated by org.testng.reporters.JUnitReportReporter -->
<testsuite skipped="0" hostname="Drivezys-MacBook-Pro-3.local" name="com.flipkart.mobileTestCase.AppleMobTestCase" tests="1" failures="0" timestamp="09 Jul 2020 11:46:28 GMT" time="6.188" errors="0">
  <testcase name="testCaseOpenPage" time="6.188" classname="com.flipkart.mobileTestCase.AppleMobTestCase"/>
</testsuite> <!-- com.flipkart.mobileTestCase.AppleMobTestCase -->
